This is pdfTeX, Version 3.14159265-2.6-1.40.19 (MiKTeX 2.9.6630 64-bit) (preloaded format=pdflatex 2018.6.4)  5 AUG 2018 17:32
entering extended mode
**./NoahSummer2018PosterPresentation.tex
(NoahSummer2018PosterPresentation.tex
LaTeX2e <2017-04-15>
Babel <3.18> and hyphenation patterns for 75 language(s) loaded.

("C:\Users\Noah PC\AppData\Local\Programs\MiKTeX 2.9\tex\latex\beamer\beamer.cl
s"
Document Class: beamer 2018/02/20 v3.50 A class for typesetting presentations

("C:\Users\Noah PC\AppData\Local\Programs\MiKTeX 2.9\tex\latex\beamer\beamerbas
emodes.sty"
("C:\Users\Noah PC\AppData\Local\Programs\MiKTeX 2.9\tex\latex\etoolbox\etoolbo
x.sty"
Package: etoolbox 2018/02/11 v2.5e e-TeX tools for LaTeX (JAW)
\etb@tempcnta=\count79
)
\beamer@tempbox=\box26
\beamer@tempcount=\count80
\c@beamerpauses=\count81

("C:\Users\Noah PC\AppData\Local\Programs\MiKTeX 2.9\tex\latex\beamer\beamerbas
edecode.sty"
\beamer@slideinframe=\count82
\beamer@minimum=\count83
)
\beamer@commentbox=\box27
\beamer@modecount=\count84
)
("C:\Users\Noah PC\AppData\Local\Programs\MiKTeX 2.9\tex\generic\oberdiek\ifpdf
.sty"
Package: ifpdf 2017/03/15 v3.2 Provides the ifpdf switch
)
\headdp=\dimen102
\footheight=\dimen103
\sidebarheight=\dimen104
\beamer@tempdim=\dimen105
\beamer@finalheight=\dimen106
\beamer@animht=\dimen107
\beamer@animdp=\dimen108
\beamer@animwd=\dimen109
\beamer@leftmargin=\dimen110
\beamer@rightmargin=\dimen111
\beamer@leftsidebar=\dimen112
\beamer@rightsidebar=\dimen113
\beamer@boxsize=\dimen114
\beamer@vboxoffset=\dimen115
\beamer@descdefault=\dimen116
\beamer@descriptionwidth=\dimen117
\beamer@lastskip=\skip41
\beamer@areabox=\box28
\beamer@animcurrent=\box29
\beamer@animshowbox=\box30
\beamer@sectionbox=\box31
\beamer@logobox=\box32
\beamer@linebox=\box33
\beamer@sectioncount=\count85
\beamer@subsubsectionmax=\count86
\beamer@subsectionmax=\count87
\beamer@sectionmax=\count88
\beamer@totalheads=\count89
\beamer@headcounter=\count90
\beamer@partstartpage=\count91
\beamer@sectionstartpage=\count92
\beamer@subsectionstartpage=\count93
\beamer@animationtempa=\count94
\beamer@animationtempb=\count95
\beamer@xpos=\count96
\beamer@ypos=\count97
\beamer@ypos@offset=\count98
\beamer@showpartnumber=\count99
\beamer@currentsubsection=\count100
\beamer@coveringdepth=\count101
\beamer@sectionadjust=\count102
\beamer@tocsectionnumber=\count103

("C:\Users\Noah PC\AppData\Local\Programs\MiKTeX 2.9\tex\latex\beamer\beamerbas
eoptions.sty"
("C:\Users\Noah PC\AppData\Local\Programs\MiKTeX 2.9\tex\latex\graphics\keyval.
sty"
Package: keyval 2014/10/28 v1.15 key=value parser (DPC)
\KV@toks@=\toks14
))
\beamer@paperwidth=\skip42
\beamer@paperheight=\skip43

("C:\Users\Noah PC\AppData\Local\Programs\MiKTeX 2.9\tex\latex\geometry\geometr
y.sty"
Package: geometry 2010/09/12 v5.6 Page Geometry

("C:\Users\Noah PC\AppData\Local\Programs\MiKTeX 2.9\tex\generic\oberdiek\ifvte
x.sty"
Package: ifvtex 2016/05/16 v1.6 Detect VTeX and its facilities (HO)
Package ifvtex Info: VTeX not detected.
)
("C:\Users\Noah PC\AppData\Local\Programs\MiKTeX 2.9\tex\generic\ifxetex\ifxete
x.sty"
Package: ifxetex 2010/09/12 v0.6 Provides ifxetex conditional
)
\Gm@cnth=\count104
\Gm@cntv=\count105
\c@Gm@tempcnt=\count106
\Gm@bindingoffset=\dimen118
\Gm@wd@mp=\dimen119
\Gm@odd@mp=\dimen120
\Gm@even@mp=\dimen121
\Gm@layoutwidth=\dimen122
\Gm@layoutheight=\dimen123
\Gm@layouthoffset=\dimen124
\Gm@layoutvoffset=\dimen125
\Gm@dimlist=\toks15

("C:\Users\Noah PC\AppData\Local\Programs\MiKTeX 2.9\tex\latex\geometry\geometr
y.cfg"))

Class beamer Warning: ``mathserif'' is obsolete. Use font theme ``serif'' with 
option ``onlymath'' on input line 336.

("C:\Users\Noah PC\AppData\Local\Programs\MiKTeX 2.9\tex\latex\base\size11.clo"
File: size11.clo 2014/09/29 v1.4h Standard LaTeX file (size option)
)
("C:\Users\Noah PC\AppData\Local\Programs\MiKTeX 2.9\tex\latex\pgf\basiclayer\p
gfcore.sty"
("C:\Users\Noah PC\AppData\Local\Programs\MiKTeX 2.9\tex\latex\graphics\graphic
x.sty"
Package: graphicx 2017/06/01 v1.1a Enhanced LaTeX Graphics (DPC,SPQR)

("C:\Users\Noah PC\AppData\Local\Programs\MiKTeX 2.9\tex\latex\graphics\graphic
s.sty"
Package: graphics 2017/06/25 v1.2c Standard LaTeX Graphics (DPC,SPQR)

("C:\Users\Noah PC\AppData\Local\Programs\MiKTeX 2.9\tex\latex\graphics\trig.st
y"
Package: trig 2016/01/03 v1.10 sin cos tan (DPC)
)
("C:\Users\Noah PC\AppData\Local\Programs\MiKTeX 2.9\tex\latex\graphics-cfg\gra
phics.cfg"
File: graphics.cfg 2016/06/04 v1.11 sample graphics configuration
)
Package graphics Info: Driver file: pdftex.def on input line 99.

("C:\Users\Noah PC\AppData\Local\Programs\MiKTeX 2.9\tex\latex\graphics-def\pdf
tex.def"
File: pdftex.def 2018/01/08 v1.0l Graphics/color driver for pdftex
))
\Gin@req@height=\dimen126
\Gin@req@width=\dimen127
)
("C:\Users\Noah PC\AppData\Local\Programs\MiKTeX 2.9\tex\latex\pgf\systemlayer\
pgfsys.sty"
("C:\Users\Noah PC\AppData\Local\Programs\MiKTeX 2.9\tex\latex\pgf\utilities\pg
frcs.sty"
("C:\Users\Noah PC\AppData\Local\Programs\MiKTeX 2.9\tex\generic\pgf\utilities\
pgfutil-common.tex"
\pgfutil@everybye=\toks16
\pgfutil@tempdima=\dimen128
\pgfutil@tempdimb=\dimen129

("C:\Users\Noah PC\AppData\Local\Programs\MiKTeX 2.9\tex\generic\pgf\utilities\
pgfutil-common-lists.tex"))
("C:\Users\Noah PC\AppData\Local\Programs\MiKTeX 2.9\tex\generic\pgf\utilities\
pgfutil-latex.def"
\pgfutil@abb=\box34

("C:\Users\Noah PC\AppData\Local\Programs\MiKTeX 2.9\tex\latex\ms\everyshi.sty"
Package: everyshi 2001/05/15 v3.00 EveryShipout Package (MS)
))
("C:\Users\Noah PC\AppData\Local\Programs\MiKTeX 2.9\tex\generic\pgf\utilities\
pgfrcs.code.tex"
Package: pgfrcs 2015/08/07 v3.0.1a (rcs-revision 1.31)
))
("C:\Users\Noah PC\AppData\Local\Programs\MiKTeX 2.9\tex\generic\pgf\systemlaye
r\pgfsys.code.tex"
Package: pgfsys 2014/07/09 v3.0.1a (rcs-revision 1.48)

("C:\Users\Noah PC\AppData\Local\Programs\MiKTeX 2.9\tex\generic\pgf\utilities\
pgfkeys.code.tex"
\pgfkeys@pathtoks=\toks17
\pgfkeys@temptoks=\toks18

("C:\Users\Noah PC\AppData\Local\Programs\MiKTeX 2.9\tex\generic\pgf\utilities\
pgfkeysfiltered.code.tex"
\pgfkeys@tmptoks=\toks19
))
\pgf@x=\dimen130
\pgf@y=\dimen131
\pgf@xa=\dimen132
\pgf@ya=\dimen133
\pgf@xb=\dimen134
\pgf@yb=\dimen135
\pgf@xc=\dimen136
\pgf@yc=\dimen137
\w@pgf@writea=\write3
\r@pgf@reada=\read1
\c@pgf@counta=\count107
\c@pgf@countb=\count108
\c@pgf@countc=\count109
\c@pgf@countd=\count110
\t@pgf@toka=\toks20
\t@pgf@tokb=\toks21
\t@pgf@tokc=\toks22

("C:\Users\Noah PC\AppData\Local\Programs\MiKTeX 2.9\tex\generic\pgf\systemlaye
r\pgf.cfg"
File: pgf.cfg 2008/05/14  (rcs-revision 1.7)
)
Driver file for pgf: pgfsys-pdftex.def

("C:\Users\Noah PC\AppData\Local\Programs\MiKTeX 2.9\tex\generic\pgf\systemlaye
r\pgfsys-pdftex.def"
File: pgfsys-pdftex.def 2014/10/11  (rcs-revision 1.35)

("C:\Users\Noah PC\AppData\Local\Programs\MiKTeX 2.9\tex\generic\pgf\systemlaye
r\pgfsys-common-pdf.def"
File: pgfsys-common-pdf.def 2013/10/10  (rcs-revision 1.13)
)))
("C:\Users\Noah PC\AppData\Local\Programs\MiKTeX 2.9\tex\generic\pgf\systemlaye
r\pgfsyssoftpath.code.tex"
File: pgfsyssoftpath.code.tex 2013/09/09  (rcs-revision 1.9)
\pgfsyssoftpath@smallbuffer@items=\count111
\pgfsyssoftpath@bigbuffer@items=\count112
)
("C:\Users\Noah PC\AppData\Local\Programs\MiKTeX 2.9\tex\generic\pgf\systemlaye
r\pgfsysprotocol.code.tex"
File: pgfsysprotocol.code.tex 2006/10/16  (rcs-revision 1.4)
))
("C:\Users\Noah PC\AppData\Local\Programs\MiKTeX 2.9\tex\latex\xcolor\xcolor.st
y"
Package: xcolor 2016/05/11 v2.12 LaTeX color extensions (UK)

("C:\Users\Noah PC\AppData\Local\Programs\MiKTeX 2.9\tex\latex\graphics-cfg\col
or.cfg"
File: color.cfg 2016/01/02 v1.6 sample color configuration
)
Package xcolor Info: Driver file: pdftex.def on input line 225.
Package xcolor Info: Model `cmy' substituted by `cmy0' on input line 1348.
Package xcolor Info: Model `hsb' substituted by `rgb' on input line 1352.
Package xcolor Info: Model `RGB' extended on input line 1364.
Package xcolor Info: Model `HTML' substituted by `rgb' on input line 1366.
Package xcolor Info: Model `Hsb' substituted by `hsb' on input line 1367.
Package xcolor Info: Model `tHsb' substituted by `hsb' on input line 1368.
Package xcolor Info: Model `HSB' substituted by `hsb' on input line 1369.
Package xcolor Info: Model `Gray' substituted by `gray' on input line 1370.
Package xcolor Info: Model `wave' substituted by `hsb' on input line 1371.
)
("C:\Users\Noah PC\AppData\Local\Programs\MiKTeX 2.9\tex\generic\pgf\basiclayer
\pgfcore.code.tex"
Package: pgfcore 2010/04/11 v3.0.1a (rcs-revision 1.7)

("C:\Users\Noah PC\AppData\Local\Programs\MiKTeX 2.9\tex\generic\pgf\math\pgfma
th.code.tex"
("C:\Users\Noah PC\AppData\Local\Programs\MiKTeX 2.9\tex\generic\pgf\math\pgfma
thcalc.code.tex"
("C:\Users\Noah PC\AppData\Local\Programs\MiKTeX 2.9\tex\generic\pgf\math\pgfma
thutil.code.tex")
("C:\Users\Noah PC\AppData\Local\Programs\MiKTeX 2.9\tex\generic\pgf\math\pgfma
thparser.code.tex"
\pgfmath@dimen=\dimen138
\pgfmath@count=\count113
\pgfmath@box=\box35
\pgfmath@toks=\toks23
\pgfmath@stack@operand=\toks24
\pgfmath@stack@operation=\toks25
)
("C:\Users\Noah PC\AppData\Local\Programs\MiKTeX 2.9\tex\generic\pgf\math\pgfma
thfunctions.code.tex"
("C:\Users\Noah PC\AppData\Local\Programs\MiKTeX 2.9\tex\generic\pgf\math\pgfma
thfunctions.basic.code.tex")
("C:\Users\Noah PC\AppData\Local\Programs\MiKTeX 2.9\tex\generic\pgf\math\pgfma
thfunctions.trigonometric.code.tex")
("C:\Users\Noah PC\AppData\Local\Programs\MiKTeX 2.9\tex\generic\pgf\math\pgfma
thfunctions.random.code.tex")
("C:\Users\Noah PC\AppData\Local\Programs\MiKTeX 2.9\tex\generic\pgf\math\pgfma
thfunctions.comparison.code.tex")
("C:\Users\Noah PC\AppData\Local\Programs\MiKTeX 2.9\tex\generic\pgf\math\pgfma
thfunctions.base.code.tex")
("C:\Users\Noah PC\AppData\Local\Programs\MiKTeX 2.9\tex\generic\pgf\math\pgfma
thfunctions.round.code.tex")
("C:\Users\Noah PC\AppData\Local\Programs\MiKTeX 2.9\tex\generic\pgf\math\pgfma
thfunctions.misc.code.tex")
("C:\Users\Noah PC\AppData\Local\Programs\MiKTeX 2.9\tex\generic\pgf\math\pgfma
thfunctions.integerarithmetics.code.tex")))
("C:\Users\Noah PC\AppData\Local\Programs\MiKTeX 2.9\tex\generic\pgf\math\pgfma
thfloat.code.tex"
\c@pgfmathroundto@lastzeros=\count114
))
("C:\Users\Noah PC\AppData\Local\Programs\MiKTeX 2.9\tex\generic\pgf\basiclayer
\pgfcorepoints.code.tex"
File: pgfcorepoints.code.tex 2013/10/07  (rcs-revision 1.27)
\pgf@picminx=\dimen139
\pgf@picmaxx=\dimen140
\pgf@picminy=\dimen141
\pgf@picmaxy=\dimen142
\pgf@pathminx=\dimen143
\pgf@pathmaxx=\dimen144
\pgf@pathminy=\dimen145
\pgf@pathmaxy=\dimen146
\pgf@xx=\dimen147
\pgf@xy=\dimen148
\pgf@yx=\dimen149
\pgf@yy=\dimen150
\pgf@zx=\dimen151
\pgf@zy=\dimen152
)
("C:\Users\Noah PC\AppData\Local\Programs\MiKTeX 2.9\tex\generic\pgf\basiclayer
\pgfcorepathconstruct.code.tex"
File: pgfcorepathconstruct.code.tex 2013/10/07  (rcs-revision 1.29)
\pgf@path@lastx=\dimen153
\pgf@path@lasty=\dimen154
)
("C:\Users\Noah PC\AppData\Local\Programs\MiKTeX 2.9\tex\generic\pgf\basiclayer
\pgfcorepathusage.code.tex"
File: pgfcorepathusage.code.tex 2014/11/02  (rcs-revision 1.24)
\pgf@shorten@end@additional=\dimen155
\pgf@shorten@start@additional=\dimen156
)
("C:\Users\Noah PC\AppData\Local\Programs\MiKTeX 2.9\tex\generic\pgf\basiclayer
\pgfcorescopes.code.tex"
File: pgfcorescopes.code.tex 2015/05/08  (rcs-revision 1.46)
\pgfpic=\box36
\pgf@hbox=\box37
\pgf@layerbox@main=\box38
\pgf@picture@serial@count=\count115
)
("C:\Users\Noah PC\AppData\Local\Programs\MiKTeX 2.9\tex\generic\pgf\basiclayer
\pgfcoregraphicstate.code.tex"
File: pgfcoregraphicstate.code.tex 2014/11/02  (rcs-revision 1.12)
\pgflinewidth=\dimen157
)
("C:\Users\Noah PC\AppData\Local\Programs\MiKTeX 2.9\tex\generic\pgf\basiclayer
\pgfcoretransformations.code.tex"
File: pgfcoretransformations.code.tex 2015/08/07  (rcs-revision 1.20)
\pgf@pt@x=\dimen158
\pgf@pt@y=\dimen159
\pgf@pt@temp=\dimen160
)
("C:\Users\Noah PC\AppData\Local\Programs\MiKTeX 2.9\tex\generic\pgf\basiclayer
\pgfcorequick.code.tex"
File: pgfcorequick.code.tex 2008/10/09  (rcs-revision 1.3)
)
("C:\Users\Noah PC\AppData\Local\Programs\MiKTeX 2.9\tex\generic\pgf\basiclayer
\pgfcoreobjects.code.tex"
File: pgfcoreobjects.code.tex 2006/10/11  (rcs-revision 1.2)
)
("C:\Users\Noah PC\AppData\Local\Programs\MiKTeX 2.9\tex\generic\pgf\basiclayer
\pgfcorepathprocessing.code.tex"
File: pgfcorepathprocessing.code.tex 2013/09/09  (rcs-revision 1.9)
)
("C:\Users\Noah PC\AppData\Local\Programs\MiKTeX 2.9\tex\generic\pgf\basiclayer
\pgfcorearrows.code.tex"
File: pgfcorearrows.code.tex 2015/05/14  (rcs-revision 1.43)
\pgfarrowsep=\dimen161
)
("C:\Users\Noah PC\AppData\Local\Programs\MiKTeX 2.9\tex\generic\pgf\basiclayer
\pgfcoreshade.code.tex"
File: pgfcoreshade.code.tex 2013/07/15  (rcs-revision 1.15)
\pgf@max=\dimen162
\pgf@sys@shading@range@num=\count116
)
("C:\Users\Noah PC\AppData\Local\Programs\MiKTeX 2.9\tex\generic\pgf\basiclayer
\pgfcoreimage.code.tex"
File: pgfcoreimage.code.tex 2013/07/15  (rcs-revision 1.18)

("C:\Users\Noah PC\AppData\Local\Programs\MiKTeX 2.9\tex\generic\pgf\basiclayer
\pgfcoreexternal.code.tex"
File: pgfcoreexternal.code.tex 2014/07/09  (rcs-revision 1.21)
\pgfexternal@startupbox=\box39
))
("C:\Users\Noah PC\AppData\Local\Programs\MiKTeX 2.9\tex\generic\pgf\basiclayer
\pgfcorelayers.code.tex"
File: pgfcorelayers.code.tex 2013/07/18  (rcs-revision 1.7)
)
("C:\Users\Noah PC\AppData\Local\Programs\MiKTeX 2.9\tex\generic\pgf\basiclayer
\pgfcoretransparency.code.tex"
File: pgfcoretransparency.code.tex 2013/09/30  (rcs-revision 1.5)
)
("C:\Users\Noah PC\AppData\Local\Programs\MiKTeX 2.9\tex\generic\pgf\basiclayer
\pgfcorepatterns.code.tex"
File: pgfcorepatterns.code.tex 2013/11/07  (rcs-revision 1.5)
)))
("C:\Users\Noah PC\AppData\Local\Programs\MiKTeX 2.9\tex\latex\pgf\utilities\xx
color.sty"
Package: xxcolor 2003/10/24 ver 0.1
\XC@nummixins=\count117
\XC@countmixins=\count118
)
("C:\Users\Noah PC\AppData\Local\Programs\MiKTeX 2.9\tex\generic\oberdiek\atbeg
shi.sty"
Package: atbegshi 2016/06/09 v1.18 At begin shipout hook (HO)

("C:\Users\Noah PC\AppData\Local\Programs\MiKTeX 2.9\tex\generic\oberdiek\infwa
rerr.sty"
Package: infwarerr 2016/05/16 v1.4 Providing info/warning/error messages (HO)
)
("C:\Users\Noah PC\AppData\Local\Programs\MiKTeX 2.9\tex\generic\oberdiek\ltxcm
ds.sty"
Package: ltxcmds 2016/05/16 v1.23 LaTeX kernel commands for general use (HO)
))
("C:\Users\Noah PC\AppData\Local\Programs\MiKTeX 2.9\tex\latex\hyperref\hyperre
f.sty"
Package: hyperref 2018/02/06 v6.86b Hypertext links for LaTeX

("C:\Users\Noah PC\AppData\Local\Programs\MiKTeX 2.9\tex\generic\oberdiek\hobsu
b-hyperref.sty"
Package: hobsub-hyperref 2016/05/16 v1.14 Bundle oberdiek, subset hyperref (HO)


("C:\Users\Noah PC\AppData\Local\Programs\MiKTeX 2.9\tex\generic\oberdiek\hobsu
b-generic.sty"
Package: hobsub-generic 2016/05/16 v1.14 Bundle oberdiek, subset generic (HO)
Package: hobsub 2016/05/16 v1.14 Construct package bundles (HO)
Package hobsub Info: Skipping package `infwarerr' (already loaded).
Package hobsub Info: Skipping package `ltxcmds' (already loaded).
Package: ifluatex 2016/05/16 v1.4 Provides the ifluatex switch (HO)
Package ifluatex Info: LuaTeX not detected.
Package hobsub Info: Skipping package `ifvtex' (already loaded).
Package: intcalc 2016/05/16 v1.2 Expandable calculations with integers (HO)
Package hobsub Info: Skipping package `ifpdf' (already loaded).
Package: etexcmds 2016/05/16 v1.6 Avoid name clashes with e-TeX commands (HO)
Package etexcmds Info: Could not find \expanded.
(etexcmds)             That can mean that you are not using pdfTeX 1.50 or
(etexcmds)             that some package has redefined \expanded.
(etexcmds)             In the latter case, load this package earlier.
Package: kvsetkeys 2016/05/16 v1.17 Key value parser (HO)
Package: kvdefinekeys 2016/05/16 v1.4 Define keys (HO)
Package: pdftexcmds 2018/01/21 v0.26 Utility functions of pdfTeX for LuaTeX (HO
)
Package pdftexcmds Info: LuaTeX not detected.
Package pdftexcmds Info: \pdf@primitive is available.
Package pdftexcmds Info: \pdf@ifprimitive is available.
Package pdftexcmds Info: \pdfdraftmode found.
Package: pdfescape 2016/05/16 v1.14 Implements pdfTeX's escape features (HO)
Package: bigintcalc 2016/05/16 v1.4 Expandable calculations on big integers (HO
)
Package: bitset 2016/05/16 v1.2 Handle bit-vector datatype (HO)
Package: uniquecounter 2016/05/16 v1.3 Provide unlimited unique counter (HO)
)
Package hobsub Info: Skipping package `hobsub' (already loaded).
Package: letltxmacro 2016/05/16 v1.5 Let assignment for LaTeX macros (HO)
Package: hopatch 2016/05/16 v1.3 Wrapper for package hooks (HO)
Package: xcolor-patch 2016/05/16 xcolor patch
Package: atveryend 2016/05/16 v1.9 Hooks at the very end of document (HO)
Package hobsub Info: Skipping package `atbegshi' (already loaded).
Package: refcount 2016/05/16 v3.5 Data extraction from label references (HO)
Package: hycolor 2016/05/16 v1.8 Color options for hyperref/bookmark (HO)
)
("C:\Users\Noah PC\AppData\Local\Programs\MiKTeX 2.9\tex\latex\oberdiek\auxhook
.sty"
Package: auxhook 2016/05/16 v1.4 Hooks for auxiliary files (HO)
)
("C:\Users\Noah PC\AppData\Local\Programs\MiKTeX 2.9\tex\latex\oberdiek\kvoptio
ns.sty"
Package: kvoptions 2016/05/16 v3.12 Key value format for package options (HO)
)
\@linkdim=\dimen163
\Hy@linkcounter=\count119
\Hy@pagecounter=\count120

("C:\Users\Noah PC\AppData\Local\Programs\MiKTeX 2.9\tex\latex\hyperref\pd1enc.
def"
File: pd1enc.def 2018/02/06 v6.86b Hyperref: PDFDocEncoding definition (HO)
)
\Hy@SavedSpaceFactor=\count121

("C:\Users\Noah PC\AppData\Local\Programs\MiKTeX 2.9\tex\latex\00miktex\hyperre
f.cfg"
File: hyperref.cfg 2002/06/06 v1.2 hyperref configuration of TeXLive
)
Package hyperref Info: Option `final' set `true' on input line 4383.
Package hyperref Info: Option `bookmarks' set `true' on input line 4383.
Package hyperref Info: Option `bookmarksopen' set `true' on input line 4383.
Package hyperref Info: Option `implicit' set `false' on input line 4383.
Package hyperref Info: Hyper figures OFF on input line 4509.
Package hyperref Info: Link nesting OFF on input line 4514.
Package hyperref Info: Hyper index ON on input line 4517.
Package hyperref Info: Plain pages OFF on input line 4524.
Package hyperref Info: Backreferencing OFF on input line 4529.
Package hyperref Info: Implicit mode OFF; no redefinition of LaTeX internals.
Package hyperref Info: Bookmarks ON on input line 4762.
\c@Hy@tempcnt=\count122

("C:\Users\Noah PC\AppData\Local\Programs\MiKTeX 2.9\tex\latex\url\url.sty"
\Urlmuskip=\muskip10
Package: url 2013/09/16  ver 3.4  Verb mode for urls, etc.
)
LaTeX Info: Redefining \url on input line 5115.
\XeTeXLinkMargin=\dimen164
\Fld@menulength=\count123
\Field@Width=\dimen165
\Fld@charsize=\dimen166
Package hyperref Info: Hyper figures OFF on input line 6369.
Package hyperref Info: Link nesting OFF on input line 6374.
Package hyperref Info: Hyper index ON on input line 6377.
Package hyperref Info: backreferencing OFF on input line 6384.
Package hyperref Info: Link coloring OFF on input line 6389.
Package hyperref Info: Link coloring with OCG OFF on input line 6394.
Package hyperref Info: PDF/A mode OFF on input line 6399.
LaTeX Info: Redefining \ref on input line 6439.
LaTeX Info: Redefining \pageref on input line 6443.
\Hy@abspage=\count124


Package hyperref Message: Stopped early.

)
Package hyperref Info: Driver (autodetected): hpdftex.

("C:\Users\Noah PC\AppData\Local\Programs\MiKTeX 2.9\tex\latex\hyperref\hpdftex
.def"
File: hpdftex.def 2018/02/06 v6.86b Hyperref driver for pdfTeX
\Fld@listcount=\count125
\c@bookmark@seq@number=\count126

("C:\Users\Noah PC\AppData\Local\Programs\MiKTeX 2.9\tex\latex\oberdiek\rerunfi
lecheck.sty"
Package: rerunfilecheck 2016/05/16 v1.8 Rerun checks for auxiliary files (HO)
Package uniquecounter Info: New unique counter `rerunfilecheck' on input line 2
82.
))
("C:\Users\Noah PC\AppData\Local\Programs\MiKTeX 2.9\tex\latex\beamer\beamerbas
erequires.sty"
("C:\Users\Noah PC\AppData\Local\Programs\MiKTeX 2.9\tex\latex\beamer\beamerbas
ecompatibility.sty")
("C:\Users\Noah PC\AppData\Local\Programs\MiKTeX 2.9\tex\latex\beamer\beamerbas
efont.sty"
("C:\Users\Noah PC\AppData\Local\Programs\MiKTeX 2.9\tex\latex\amsfonts\amssymb
.sty"
Package: amssymb 2013/01/14 v3.01 AMS font symbols

("C:\Users\Noah PC\AppData\Local\Programs\MiKTeX 2.9\tex\latex\amsfonts\amsfont
s.sty"
Package: amsfonts 2013/01/14 v3.01 Basic AMSFonts support
\@emptytoks=\toks26
\symAMSa=\mathgroup4
\symAMSb=\mathgroup5
LaTeX Font Info:    Overwriting math alphabet `\mathfrak' in version `bold'
(Font)                  U/euf/m/n --> U/euf/b/n on input line 106.
)))
("C:\Users\Noah PC\AppData\Local\Programs\MiKTeX 2.9\tex\latex\beamer\beamerbas
etranslator.sty"
("C:\Users\Noah PC\AppData\Local\Programs\MiKTeX 2.9\tex\latex\translator\trans
lator.sty"
Package: translator 2018/01/04 v1.12 Easy translation of strings in LaTeX
))
("C:\Users\Noah PC\AppData\Local\Programs\MiKTeX 2.9\tex\latex\beamer\beamerbas
emisc.sty")
("C:\Users\Noah PC\AppData\Local\Programs\MiKTeX 2.9\tex\latex\beamer\beamerbas
etwoscreens.sty")
("C:\Users\Noah PC\AppData\Local\Programs\MiKTeX 2.9\tex\latex\beamer\beamerbas
eoverlay.sty"
\beamer@argscount=\count127
\beamer@lastskipcover=\skip44
\beamer@trivlistdepth=\count128
)
("C:\Users\Noah PC\AppData\Local\Programs\MiKTeX 2.9\tex\latex\beamer\beamerbas
etitle.sty")
("C:\Users\Noah PC\AppData\Local\Programs\MiKTeX 2.9\tex\latex\beamer\beamerbas
esection.sty"
\c@lecture=\count129
\c@part=\count130
\c@section=\count131
\c@subsection=\count132
\c@subsubsection=\count133
)
("C:\Users\Noah PC\AppData\Local\Programs\MiKTeX 2.9\tex\latex\beamer\beamerbas
eframe.sty"
\beamer@framebox=\box40
\beamer@frametitlebox=\box41
\beamer@zoombox=\box42
\beamer@zoomcount=\count134
\beamer@zoomframecount=\count135
\beamer@frametextheight=\dimen167
\c@subsectionslide=\count136
\beamer@frametopskip=\skip45
\beamer@framebottomskip=\skip46
\beamer@frametopskipautobreak=\skip47
\beamer@framebottomskipautobreak=\skip48
\beamer@envbody=\toks27
\framewidth=\dimen168
\c@framenumber=\count137
)
("C:\Users\Noah PC\AppData\Local\Programs\MiKTeX 2.9\tex\latex\beamer\beamerbas
everbatim.sty"
\beamer@verbatimfileout=\write4
)
("C:\Users\Noah PC\AppData\Local\Programs\MiKTeX 2.9\tex\latex\beamer\beamerbas
eframesize.sty"
\beamer@splitbox=\box43
\beamer@autobreakcount=\count138
\beamer@autobreaklastheight=\dimen169
\beamer@frametitletoks=\toks28
\beamer@framesubtitletoks=\toks29
)
("C:\Users\Noah PC\AppData\Local\Programs\MiKTeX 2.9\tex\latex\beamer\beamerbas
eframecomponents.sty"
\beamer@footins=\box44
)
("C:\Users\Noah PC\AppData\Local\Programs\MiKTeX 2.9\tex\latex\beamer\beamerbas
ecolor.sty"
\beamer@bg@ht=\dimen170
\beamer@bg@wd=\dimen171
\beamer@bg@dp=\dimen172
)
("C:\Users\Noah PC\AppData\Local\Programs\MiKTeX 2.9\tex\latex\beamer\beamerbas
enotes.sty"
\beamer@frameboxcopy=\box45
)
("C:\Users\Noah PC\AppData\Local\Programs\MiKTeX 2.9\tex\latex\beamer\beamerbas
etoc.sty")
("C:\Users\Noah PC\AppData\Local\Programs\MiKTeX 2.9\tex\latex\beamer\beamerbas
etemplates.sty"
\beamer@sbttoks=\toks30

("C:\Users\Noah PC\AppData\Local\Programs\MiKTeX 2.9\tex\latex\beamer\beamerbas
eauxtemplates.sty"
("C:\Users\Noah PC\AppData\Local\Programs\MiKTeX 2.9\tex\latex\beamer\beamerbas
eboxes.sty"
\bmb@box=\box46
\bmb@colorbox=\box47
\bmb@boxshadow=\box48
\bmb@boxshadowball=\box49
\bmb@boxshadowballlarge=\box50
\bmb@temp=\dimen173
\bmb@dima=\dimen174
\bmb@dimb=\dimen175
\bmb@prevheight=\dimen176
)
\beamer@blockheadheight=\dimen177
))
("C:\Users\Noah PC\AppData\Local\Programs\MiKTeX 2.9\tex\latex\beamer\beamerbas
elocalstructure.sty"
("C:\Users\Noah PC\AppData\Local\Programs\MiKTeX 2.9\tex\latex\tools\enumerate.
sty"
Package: enumerate 2015/07/23 v3.00 enumerate extensions (DPC)
\@enLab=\toks31
)
\c@figure=\count139
\c@table=\count140
\abovecaptionskip=\skip49
\belowcaptionskip=\skip50
)
("C:\Users\Noah PC\AppData\Local\Programs\MiKTeX 2.9\tex\latex\beamer\beamerbas
enavigation.sty"
\beamer@section@min@dim=\dimen178
)
("C:\Users\Noah PC\AppData\Local\Programs\MiKTeX 2.9\tex\latex\beamer\beamerbas
etheorems.sty"
("C:\Users\Noah PC\AppData\Local\Programs\MiKTeX 2.9\tex\latex\amsmath\amsmath.
sty"
Package: amsmath 2017/09/02 v2.17a AMS math features
\@mathmargin=\skip51

For additional information on amsmath, use the `?' option.

("C:\Users\Noah PC\AppData\Local\Programs\MiKTeX 2.9\tex\latex\amsmath\amstext.
sty"
Package: amstext 2000/06/29 v2.01 AMS text

("C:\Users\Noah PC\AppData\Local\Programs\MiKTeX 2.9\tex\latex\amsmath\amsgen.s
ty"
File: amsgen.sty 1999/11/30 v2.0 generic functions
\@emptytoks=\toks32
\ex@=\dimen179
))
("C:\Users\Noah PC\AppData\Local\Programs\MiKTeX 2.9\tex\latex\amsmath\amsbsy.s
ty"
Package: amsbsy 1999/11/29 v1.2d Bold Symbols
\pmbraise@=\dimen180
)
("C:\Users\Noah PC\AppData\Local\Programs\MiKTeX 2.9\tex\latex\amsmath\amsopn.s
ty"
Package: amsopn 2016/03/08 v2.02 operator names
)
\inf@bad=\count141
LaTeX Info: Redefining \frac on input line 213.
\uproot@=\count142
\leftroot@=\count143
LaTeX Info: Redefining \overline on input line 375.
\classnum@=\count144
\DOTSCASE@=\count145
LaTeX Info: Redefining \ldots on input line 472.
LaTeX Info: Redefining \dots on input line 475.
LaTeX Info: Redefining \cdots on input line 596.
\Mathstrutbox@=\box51
\strutbox@=\box52
\big@size=\dimen181
LaTeX Font Info:    Redeclaring font encoding OML on input line 712.
LaTeX Font Info:    Redeclaring font encoding OMS on input line 713.
\macc@depth=\count146
\c@MaxMatrixCols=\count147
\dotsspace@=\muskip11
\c@parentequation=\count148
\dspbrk@lvl=\count149
\tag@help=\toks33
\row@=\count150
\column@=\count151
\maxfields@=\count152
\andhelp@=\toks34
\eqnshift@=\dimen182
\alignsep@=\dimen183
\tagshift@=\dimen184
\tagwidth@=\dimen185
\totwidth@=\dimen186
\lineht@=\dimen187
\@envbody=\toks35
\multlinegap=\skip52
\multlinetaggap=\skip53
\mathdisplay@stack=\toks36
LaTeX Info: Redefining \[ on input line 2817.
LaTeX Info: Redefining \] on input line 2818.
)
("C:\Users\Noah PC\AppData\Local\Programs\MiKTeX 2.9\tex\latex\amscls\amsthm.st
y"
Package: amsthm 2017/10/31 v2.20.4
\thm@style=\toks37
\thm@bodyfont=\toks38
\thm@headfont=\toks39
\thm@notefont=\toks40
\thm@headpunct=\toks41
\thm@preskip=\skip54
\thm@postskip=\skip55
\thm@headsep=\skip56
\dth@everypar=\toks42
)
\c@theorem=\count153
)
("C:\Users\Noah PC\AppData\Local\Programs\MiKTeX 2.9\tex\latex\beamer\beamerbas
ethemes.sty"))
("C:\Users\Noah PC\AppData\Local\Programs\MiKTeX 2.9\tex\latex\beamer\beamerthe
medefault.sty"
("C:\Users\Noah PC\AppData\Local\Programs\MiKTeX 2.9\tex\latex\beamer\beamerfon
tthemedefault.sty")
("C:\Users\Noah PC\AppData\Local\Programs\MiKTeX 2.9\tex\latex\beamer\beamercol
orthemedefault.sty")
("C:\Users\Noah PC\AppData\Local\Programs\MiKTeX 2.9\tex\latex\beamer\beamerinn
erthemedefault.sty"
\beamer@dima=\dimen188
\beamer@dimb=\dimen189
)
("C:\Users\Noah PC\AppData\Local\Programs\MiKTeX 2.9\tex\latex\beamer\beamerout
erthemedefault.sty"))) (beamerthemeFredIITPoster.sty
("C:\Users\Noah PC\AppData\Local\Programs\MiKTeX 2.9\tex\latex\beamer\beamerinn
erthemerounded.sty") (beamerouterthemeFredIITPoster.sty

LaTeX Warning: You have requested package `beamerouterthemeFredIITPoster',
               but the package provides `beamerouterthemeinfolines'.

Package: beamerouterthemeinfolines 2007/01/28  (rcs-revision 1.9)
) (beamercolorthemeIIT.sty))
("C:\Users\Noah PC\AppData\Local\Programs\MiKTeX 2.9\tex\latex\psnfss\times.sty
"
Package: times 2005/04/12 PSNFSS-v9.2a (SPQR) 
) (mcode.sty
-- Package: `mcode' 2.5 <2014/03/06> --
Package: mcode 2014/03/06 2.5
 - settings optimized for display (colour formating)

("C:\Users\Noah PC\AppData\Local\Programs\MiKTeX 2.9\tex\latex\listings\listing
s.sty"
\lst@mode=\count154
\lst@gtempboxa=\box53
\lst@token=\toks43
\lst@length=\count155
\lst@currlwidth=\dimen190
\lst@column=\count156
\lst@pos=\count157
\lst@lostspace=\dimen191
\lst@width=\dimen192
\lst@newlines=\count158
\lst@lineno=\count159
\lst@maxwidth=\dimen193

("C:\Users\Noah PC\AppData\Local\Programs\MiKTeX 2.9\tex\latex\listings\lstmisc
.sty"
File: lstmisc.sty 2015/06/04 1.6 (Carsten Heinz)
\c@lstnumber=\count160
\lst@skipnumbers=\count161
\lst@framebox=\box54
)
("C:\Users\Noah PC\AppData\Local\Programs\MiKTeX 2.9\tex\latex\listings\listing
s.cfg"
File: listings.cfg 2015/06/04 1.6 listings configuration
))
Package: listings 2015/06/04 1.6 (Carsten Heinz)

("C:\Users\Noah PC\AppData\Local\Programs\MiKTeX 2.9\tex\latex\base\textcomp.st
y"
Package: textcomp 2017/04/05 v2.0i Standard LaTeX package
Package textcomp Info: Sub-encoding information:
(textcomp)               5 = only ISO-Adobe without \textcurrency
(textcomp)               4 = 5 + \texteuro
(textcomp)               3 = 4 + \textohm
(textcomp)               2 = 3 + \textestimated + \textcurrency
(textcomp)               1 = TS1 - \textcircled - \t
(textcomp)               0 = TS1 (full)
(textcomp)             Font families with sub-encoding setting implement
(textcomp)             only a restricted character set as indicated.
(textcomp)             Family '?' is the default used for unknown fonts.
(textcomp)             See the documentation for details.
Package textcomp Info: Setting ? sub-encoding to TS1/1 on input line 79.

("C:\Users\Noah PC\AppData\Local\Programs\MiKTeX 2.9\tex\latex\base\ts1enc.def"
File: ts1enc.def 2001/06/05 v3.0e (jk/car/fm) Standard LaTeX file
)
LaTeX Info: Redefining \oldstylenums on input line 334.
Package textcomp Info: Setting cmr sub-encoding to TS1/0 on input line 349.
Package textcomp Info: Setting cmss sub-encoding to TS1/0 on input line 350.
Package textcomp Info: Setting cmtt sub-encoding to TS1/0 on input line 351.
Package textcomp Info: Setting cmvtt sub-encoding to TS1/0 on input line 352.
Package textcomp Info: Setting cmbr sub-encoding to TS1/0 on input line 353.
Package textcomp Info: Setting cmtl sub-encoding to TS1/0 on input line 354.
Package textcomp Info: Setting ccr sub-encoding to TS1/0 on input line 355.
Package textcomp Info: Setting ptm sub-encoding to TS1/4 on input line 356.
Package textcomp Info: Setting pcr sub-encoding to TS1/4 on input line 357.
Package textcomp Info: Setting phv sub-encoding to TS1/4 on input line 358.
Package textcomp Info: Setting ppl sub-encoding to TS1/3 on input line 359.
Package textcomp Info: Setting pag sub-encoding to TS1/4 on input line 360.
Package textcomp Info: Setting pbk sub-encoding to TS1/4 on input line 361.
Package textcomp Info: Setting pnc sub-encoding to TS1/4 on input line 362.
Package textcomp Info: Setting pzc sub-encoding to TS1/4 on input line 363.
Package textcomp Info: Setting bch sub-encoding to TS1/4 on input line 364.
Package textcomp Info: Setting put sub-encoding to TS1/5 on input line 365.
Package textcomp Info: Setting uag sub-encoding to TS1/5 on input line 366.
Package textcomp Info: Setting ugq sub-encoding to TS1/5 on input line 367.
Package textcomp Info: Setting ul8 sub-encoding to TS1/4 on input line 368.
Package textcomp Info: Setting ul9 sub-encoding to TS1/4 on input line 369.
Package textcomp Info: Setting augie sub-encoding to TS1/5 on input line 370.
Package textcomp Info: Setting dayrom sub-encoding to TS1/3 on input line 371.
Package textcomp Info: Setting dayroms sub-encoding to TS1/3 on input line 372.

Package textcomp Info: Setting pxr sub-encoding to TS1/0 on input line 373.
Package textcomp Info: Setting pxss sub-encoding to TS1/0 on input line 374.
Package textcomp Info: Setting pxtt sub-encoding to TS1/0 on input line 375.
Package textcomp Info: Setting txr sub-encoding to TS1/0 on input line 376.
Package textcomp Info: Setting txss sub-encoding to TS1/0 on input line 377.
Package textcomp Info: Setting txtt sub-encoding to TS1/0 on input line 378.
Package textcomp Info: Setting lmr sub-encoding to TS1/0 on input line 379.
Package textcomp Info: Setting lmdh sub-encoding to TS1/0 on input line 380.
Package textcomp Info: Setting lmss sub-encoding to TS1/0 on input line 381.
Package textcomp Info: Setting lmssq sub-encoding to TS1/0 on input line 382.
Package textcomp Info: Setting lmvtt sub-encoding to TS1/0 on input line 383.
Package textcomp Info: Setting lmtt sub-encoding to TS1/0 on input line 384.
Package textcomp Info: Setting qhv sub-encoding to TS1/0 on input line 385.
Package textcomp Info: Setting qag sub-encoding to TS1/0 on input line 386.
Package textcomp Info: Setting qbk sub-encoding to TS1/0 on input line 387.
Package textcomp Info: Setting qcr sub-encoding to TS1/0 on input line 388.
Package textcomp Info: Setting qcs sub-encoding to TS1/0 on input line 389.
Package textcomp Info: Setting qpl sub-encoding to TS1/0 on input line 390.
Package textcomp Info: Setting qtm sub-encoding to TS1/0 on input line 391.
Package textcomp Info: Setting qzc sub-encoding to TS1/0 on input line 392.
Package textcomp Info: Setting qhvc sub-encoding to TS1/0 on input line 393.
Package textcomp Info: Setting futs sub-encoding to TS1/4 on input line 394.
Package textcomp Info: Setting futx sub-encoding to TS1/4 on input line 395.
Package textcomp Info: Setting futj sub-encoding to TS1/4 on input line 396.
Package textcomp Info: Setting hlh sub-encoding to TS1/3 on input line 397.
Package textcomp Info: Setting hls sub-encoding to TS1/3 on input line 398.
Package textcomp Info: Setting hlst sub-encoding to TS1/3 on input line 399.
Package textcomp Info: Setting hlct sub-encoding to TS1/5 on input line 400.
Package textcomp Info: Setting hlx sub-encoding to TS1/5 on input line 401.
Package textcomp Info: Setting hlce sub-encoding to TS1/5 on input line 402.
Package textcomp Info: Setting hlcn sub-encoding to TS1/5 on input line 403.
Package textcomp Info: Setting hlcw sub-encoding to TS1/5 on input line 404.
Package textcomp Info: Setting hlcf sub-encoding to TS1/5 on input line 405.
Package textcomp Info: Setting pplx sub-encoding to TS1/3 on input line 406.
Package textcomp Info: Setting pplj sub-encoding to TS1/3 on input line 407.
Package textcomp Info: Setting ptmx sub-encoding to TS1/4 on input line 408.
Package textcomp Info: Setting ptmj sub-encoding to TS1/4 on input line 409.
)) ("C:\Users\Noah PC\AppData\Local\Programs\MiKTeX 2.9\tex\latex\bbm\bbm.sty"
Package: bbm 1999/03/15 V 1.2 provides fonts for set symbols - TH
LaTeX Font Info:    Overwriting math alphabet `\mathbbm' in version `bold'
(Font)                  U/bbm/m/n --> U/bbm/bx/n on input line 33.
LaTeX Font Info:    Overwriting math alphabet `\mathbbmss' in version `bold'
(Font)                  U/bbmss/m/n --> U/bbmss/bx/n on input line 35.
) ("C:\Users\Noah PC\AppData\Local\Programs\MiKTeX 2.9\tex\latex\base\alltt.sty
"
Package: alltt 1997/06/16 v2.0g defines alltt environment
)
("C:\Users\Noah PC\AppData\Local\Programs\MiKTeX 2.9\tex\latex\base\latexsym.st
y"
Package: latexsym 1998/08/17 v2.2e Standard LaTeX package (lasy symbols)
\symlasy=\mathgroup6
LaTeX Font Info:    Overwriting symbol font `lasy' in version `bold'
(Font)                  U/lasy/m/n --> U/lasy/b/n on input line 52.
)
("C:\Users\Noah PC\AppData\Local\Programs\MiKTeX 2.9\tex\latex\natbib\natbib.st
y"
Package: natbib 2010/09/13 8.31b (PWD, AO)
\bibhang=\skip57
\bibsep=\skip58
LaTeX Info: Redefining \cite on input line 694.
\c@NAT@ctr=\count162
)
("C:\Users\Noah PC\AppData\Local\Programs\MiKTeX 2.9\tex\latex\datetime\datetim
e.sty"
Package: datetime 2015/03/20 v2.60 Date Time Package

("C:\Users\Noah PC\AppData\Local\Programs\MiKTeX 2.9\tex\latex\fmtcount\fmtcoun
t.sty"
Package: fmtcount 2017/12/24 v3.05

("C:\Users\Noah PC\AppData\Local\Programs\MiKTeX 2.9\tex\latex\base\ifthen.sty"
Package: ifthen 2014/09/29 v1.1c Standard LaTeX ifthen package (DPC)
)
("C:\Users\Noah PC\AppData\Local\Programs\MiKTeX 2.9\tex\latex\xkeyval\xkeyval.
sty"
Package: xkeyval 2014/12/03 v2.7a package option processing (HA)

("C:\Users\Noah PC\AppData\Local\Programs\MiKTeX 2.9\tex\generic\xkeyval\xkeyva
l.tex"
("C:\Users\Noah PC\AppData\Local\Programs\MiKTeX 2.9\tex\generic\xkeyval\xkvuti
ls.tex"
\XKV@toks=\toks44
\XKV@tempa@toks=\toks45
)
\XKV@depth=\count163
File: xkeyval.tex 2014/12/03 v2.7a key=value parser (HA)
))
("C:\Users\Noah PC\AppData\Local\Programs\MiKTeX 2.9\tex\latex\fmtcount\fcprefi
x.sty"
Package: fcprefix 2012/09/28

("C:\Users\Noah PC\AppData\Local\Programs\MiKTeX 2.9\tex\latex\fmtcount\fcnumpa
rser.sty"
Package: fcnumparser 2017/06/15
\fc@digit@counter=\count164
))
\c@padzeroesN=\count165
\fc@tmpcatcode=\count166
\@DT@modctr=\count167
\@ordinalctr=\count168
\@orgargctr=\count169
\@strctr=\count170
\@tmpstrctr=\count171
\@DT@loopN=\count172
\@DT@X=\count173
)
("C:\Users\Noah PC\AppData\Local\Programs\MiKTeX 2.9\tex\latex\datetime\datetim
e-defaults.sty"
Package: datetime-defaults 2013/09/10
)
\@day=\count174
\@month=\count175
\@year=\count176
\c@HOUR=\count177
\c@HOURXII=\count178
\c@MINUTE=\count179
\c@TOHOUR=\count180
\c@TOMINUTE=\count181
\c@SECOND=\count182
\currenthour=\count183
\currentminute=\count184
\currentsecond=\count185
Package datetime Info: No datetime.cfg file found, using default settings on in
put line 308.
\@dtctr=\count186
\dayofyear=\count187
\dayofweek=\count188
LaTeX Info: Redefining \today on input line 736.
\dt@a=\toks46
\dt@b=\toks47
)
("C:\Users\Noah PC\AppData\Local\Programs\MiKTeX 2.9\tex\latex\graphics\rotatin
g.sty"
Package: rotating 2016/08/11 v2.16d rotated objects in LaTeX
\c@r@tfl@t=\count189
\rotFPtop=\skip59
\rotFPbot=\skip60
\rot@float@box=\box55
\rot@mess@toks=\toks48
)
("C:\Users\Noah PC\AppData\Local\Programs\MiKTeX 2.9\tex\latex\bbding\bbding.st
y"
Package: bbding 1999/04/15 v1.01 Dingbats symbols
)
("C:\Users\Noah PC\AppData\Local\Programs\MiKTeX 2.9\tex\latex\psnfss\pifont.st
y"
Package: pifont 2005/04/12 PSNFSS-v9.2a Pi font support (SPQR) 
LaTeX Font Info:    Try loading font information for U+pzd on input line 63.
 ("C:\Users\Noah PC\AppData\Local\Programs\MiKTeX 2.9\tex\latex\psnfss\upzd.fd"
File: upzd.fd 2001/06/04 font definitions for U/pzd.
)
LaTeX Font Info:    Try loading font information for U+psy on input line 64.

("C:\Users\Noah PC\AppData\Local\Programs\MiKTeX 2.9\tex\latex\psnfss\upsy.fd"
File: upsy.fd 2001/06/04 font definitions for U/psy.
))
\c@qcounter=\count190

("C:\Users\Noah PC\AppData\Local\Programs\MiKTeX 2.9\tex\latex\base\inputenc.st
y"
Package: inputenc 2015/03/17 v1.2c Input encoding file
\inpenc@prehook=\toks49
\inpenc@posthook=\toks50

("C:\Users\Noah PC\AppData\Local\Programs\MiKTeX 2.9\tex\latex\base\latin1.def"
File: latin1.def 2015/03/17 v1.2c Input encoding file
))
("C:\Users\Noah PC\AppData\Local\Programs\MiKTeX 2.9\tex\latex\graphics\epsfig.
sty"
Package: epsfig 2017/06/25 v1.7b (e)psfig emulation (SPQR)
\epsfxsize=\dimen194
\epsfysize=\dimen195
)
("C:\Users\Noah PC\AppData\Local\Programs\MiKTeX 2.9\tex\latex\beamerposter\bea
merposter.sty"
Package: beamerposter 2018/04/23 v.1.13 latex-beamer poster extension

("C:\Users\Noah PC\AppData\Local\Programs\MiKTeX 2.9\tex\latex\type1cm\type1cm.
sty"
Package: type1cm 2002/09/05 v0.04 BlueSky/Y&Y Type1 CM font definitions (DPC, p
atched RF)
) ("C:\Users\Noah PC\AppData\Local\Programs\MiKTeX 2.9\tex\latex\fp\fp.sty"
Package: fp 1995/04/02
`Fixed Point Package', Version 0.8, April 2, 1995 (C) Michael Mehlich
("C:\Users\Noah PC\AppData\Local\Programs\MiKTeX 2.9\tex\latex\fp\defpattern.st
y"
Package: defpattern 1994/10/12
\actioncount=\count191
)
("C:\Users\Noah PC\AppData\Local\Programs\MiKTeX 2.9\tex\latex\fp\fp-basic.sty"
Package: fp-basic 1996/05/13
\FP@xs=\count192
\FP@xia=\count193
\FP@xib=\count194
\FP@xfa=\count195
\FP@xfb=\count196
\FP@rega=\count197
\FP@regb=\count198
\FP@regs=\count199
\FP@times=\count266
)
("C:\Users\Noah PC\AppData\Local\Programs\MiKTeX 2.9\tex\latex\fp\fp-addons.sty
"
Package: fp-addons 1995/03/15
) ("C:\Users\Noah PC\AppData\Local\Programs\MiKTeX 2.9\tex\latex\fp\fp-snap.sty
"
Package: fp-snap 1995/04/05
) ("C:\Users\Noah PC\AppData\Local\Programs\MiKTeX 2.9\tex\latex\fp\fp-exp.sty"
Package: fp-exp 1995/04/03
)
("C:\Users\Noah PC\AppData\Local\Programs\MiKTeX 2.9\tex\latex\fp\fp-trigo.sty"
Package: fp-trigo 1995/04/14
) ("C:\Users\Noah PC\AppData\Local\Programs\MiKTeX 2.9\tex\latex\fp\fp-pas.sty"
Package: fp-pas 1994/08/29
)
("C:\Users\Noah PC\AppData\Local\Programs\MiKTeX 2.9\tex\latex\fp\fp-random.sty
"
Package: fp-random 1995/02/23
\FPseed=\count267
) ("C:\Users\Noah PC\AppData\Local\Programs\MiKTeX 2.9\tex\latex\fp\fp-eqn.sty"
Package: fp-eqn 1995/04/03
) ("C:\Users\Noah PC\AppData\Local\Programs\MiKTeX 2.9\tex\latex\fp\fp-upn.sty"
Package: fp-upn 1996/10/21
) ("C:\Users\Noah PC\AppData\Local\Programs\MiKTeX 2.9\tex\latex\fp\fp-eval.sty
"
Package: fp-eval 1995/04/03
))
Package beamerposter Info: checking size input, please wait. on input line 129.

Package beamerposter Info: the input a0\ 1\ was correct, we proceed. on input l
ine 129.
Package beamerposter Info: finished size input check. on input line 129.
Package beamerposter Info: myfontscale=1.0 on input line 129.
Package beamerposter Info: checking orientation input, please wait. on input li
ne 130.
Package beamerposter Info: the input landscape\ 1\ was correct, we proceed. on 
input line 130.
Package beamerposter Info: finished orientation check. on input line 130.
Package beamerposter Info: checking size input, please wait. on input line 130.



Package beamerposter Warning: the input a9\ was incorrect and was ignored. on i
nput line 130.

Package beamerposter Info: finished size input check. on input line 130.
Package beamerposter Info: myfontscale=1.5 on input line 130.
Package beamerposter Info: enabled debug mode on input line 130.
( FP-UPN
FP debug: upn: +++ computing upn-expression "myfontscale fontscale * 2 round"
FP debug: upn: calculating "myfontscale"
FP debug: upn: result      "1.5"
FP debug: upn: calculating "fontscale"
FP debug: upn: result      "1.0"
FP debug: upn: calculating "1.0 mul 1.5"
( FP-MUL )
FP debug: upn: result      "1.500000000000000000"
FP debug: upn: calculating "2"
FP debug: upn: result      "2"
FP debug: upn: calculating "round(1.500000000000000000:2)"
( FP-ROUND )
FP debug: upn: result      "1.50"
FP debug: upn: +++ result of upn-expression is "(1.50)"
)
Package beamerposter Info: paperwidth=3383.0325pt, paperheight=2392.87694pt on 
input line 173.
Package beamerposter Info: textwidth=3354.57974pt, textheight=2364.42418pt on i
nput line 174.
Package beamerposter Info: fontscale=1.0, myfontscale=1.50 on input line 175.
 ( FP-UPN
FP debug: upn: +++ computing upn-expression "myfontscale fontSizeX * 2 round"
FP debug: upn: calculating "myfontscale"
FP debug: upn: result      "1.50"
FP debug: upn: calculating "fontSizeX"
FP debug: upn: result      "12"
FP debug: upn: calculating "12 mul 1.50"
( FP-MUL )
FP debug: upn: result      "18.000000000000000000"
FP debug: upn: calculating "2"
FP debug: upn: result      "2"
FP debug: upn: calculating "round(18.000000000000000000:2)"
( FP-ROUND )
FP debug: upn: result      "18.00"
FP debug: upn: +++ result of upn-expression is "(18.00)"
) ( FP-UPN
FP debug: upn: +++ computing upn-expression "myfontscale fontSizeY * 2 round"
FP debug: upn: calculating "myfontscale"
FP debug: upn: result      "1.50"
FP debug: upn: calculating "fontSizeY"
FP debug: upn: result      "14"
FP debug: upn: calculating "14 mul 1.50"
( FP-MUL )
FP debug: upn: result      "21.000000000000000000"
FP debug: upn: calculating "2"
FP debug: upn: result      "2"
FP debug: upn: calculating "round(21.000000000000000000:2)"
( FP-ROUND )
FP debug: upn: result      "21.00"
FP debug: upn: +++ result of upn-expression is "(21.00)"
) ( FP-UPN
FP debug: upn: +++ computing upn-expression "myfontscale fontSizeX * 2 round"
FP debug: upn: calculating "myfontscale"
FP debug: upn: result      "1.50"
FP debug: upn: calculating "fontSizeX"
FP debug: upn: result      "14.4"
FP debug: upn: calculating "14.4 mul 1.50"
( FP-MUL )
FP debug: upn: result      "21.600000000000000000"
FP debug: upn: calculating "2"
FP debug: upn: result      "2"
FP debug: upn: calculating "round(21.600000000000000000:2)"
( FP-ROUND )
FP debug: upn: result      "21.60"
FP debug: upn: +++ result of upn-expression is "(21.60)"
) ( FP-UPN
FP debug: upn: +++ computing upn-expression "myfontscale fontSizeY * 2 round"
FP debug: upn: calculating "myfontscale"
FP debug: upn: result      "1.50"
FP debug: upn: calculating "fontSizeY"
FP debug: upn: result      "18"
FP debug: upn: calculating "18 mul 1.50"
( FP-MUL )
FP debug: upn: result      "27.000000000000000000"
FP debug: upn: calculating "2"
FP debug: upn: result      "2"
FP debug: upn: calculating "round(27.000000000000000000:2)"
( FP-ROUND )
FP debug: upn: result      "27.00"
FP debug: upn: +++ result of upn-expression is "(27.00)"
) ( FP-UPN
FP debug: upn: +++ computing upn-expression "myfontscale fontSizeX * 2 round"
FP debug: upn: calculating "myfontscale"
FP debug: upn: result      "1.50"
FP debug: upn: calculating "fontSizeX"
FP debug: upn: result      "17.28"
FP debug: upn: calculating "17.28 mul 1.50"
( FP-MUL )
FP debug: upn: result      "25.920000000000000000"
FP debug: upn: calculating "2"
FP debug: upn: result      "2"
FP debug: upn: calculating "round(25.920000000000000000:2)"
( FP-ROUND )
FP debug: upn: result      "25.92"
FP debug: upn: +++ result of upn-expression is "(25.92)"
) ( FP-UPN
FP debug: upn: +++ computing upn-expression "myfontscale fontSizeY * 2 round"
FP debug: upn: calculating "myfontscale"
FP debug: upn: result      "1.50"
FP debug: upn: calculating "fontSizeY"
FP debug: upn: result      "22"
FP debug: upn: calculating "22 mul 1.50"
( FP-MUL )
FP debug: upn: result      "33.000000000000000000"
FP debug: upn: calculating "2"
FP debug: upn: result      "2"
FP debug: upn: calculating "round(33.000000000000000000:2)"
( FP-ROUND )
FP debug: upn: result      "33.00"
FP debug: upn: +++ result of upn-expression is "(33.00)"
) ( FP-UPN
FP debug: upn: +++ computing upn-expression "myfontscale fontSizeX * 2 round"
FP debug: upn: calculating "myfontscale"
FP debug: upn: result      "1.50"
FP debug: upn: calculating "fontSizeX"
FP debug: upn: result      "20.74"
FP debug: upn: calculating "20.74 mul 1.50"
( FP-MUL )
FP debug: upn: result      "31.110000000000000000"
FP debug: upn: calculating "2"
FP debug: upn: result      "2"
FP debug: upn: calculating "round(31.110000000000000000:2)"
( FP-ROUND )
FP debug: upn: result      "31.11"
FP debug: upn: +++ result of upn-expression is "(31.11)"
) ( FP-UPN
FP debug: upn: +++ computing upn-expression "myfontscale fontSizeY * 2 round"
FP debug: upn: calculating "myfontscale"
FP debug: upn: result      "1.50"
FP debug: upn: calculating "fontSizeY"
FP debug: upn: result      "25"
FP debug: upn: calculating "25 mul 1.50"
( FP-MUL )
FP debug: upn: result      "37.500000000000000000"
FP debug: upn: calculating "2"
FP debug: upn: result      "2"
FP debug: upn: calculating "round(37.500000000000000000:2)"
( FP-ROUND )
FP debug: upn: result      "37.50"
FP debug: upn: +++ result of upn-expression is "(37.50)"
) ( FP-UPN
FP debug: upn: +++ computing upn-expression "myfontscale fontSizeX * 2 round"
FP debug: upn: calculating "myfontscale"
FP debug: upn: result      "1.50"
FP debug: upn: calculating "fontSizeX"
FP debug: upn: result      "24.88"
FP debug: upn: calculating "24.88 mul 1.50"
( FP-MUL )
FP debug: upn: result      "37.320000000000000000"
FP debug: upn: calculating "2"
FP debug: upn: result      "2"
FP debug: upn: calculating "round(37.320000000000000000:2)"
( FP-ROUND )
FP debug: upn: result      "37.32"
FP debug: upn: +++ result of upn-expression is "(37.32)"
) ( FP-UPN
FP debug: upn: +++ computing upn-expression "myfontscale fontSizeY * 2 round"
FP debug: upn: calculating "myfontscale"
FP debug: upn: result      "1.50"
FP debug: upn: calculating "fontSizeY"
FP debug: upn: result      "30"
FP debug: upn: calculating "30 mul 1.50"
( FP-MUL )
FP debug: upn: result      "45.000000000000000000"
FP debug: upn: calculating "2"
FP debug: upn: result      "2"
FP debug: upn: calculating "round(45.000000000000000000:2)"
( FP-ROUND )
FP debug: upn: result      "45.00"
FP debug: upn: +++ result of upn-expression is "(45.00)"
) ( FP-UPN
FP debug: upn: +++ computing upn-expression "myfontscale fontSizeX * 2 round"
FP debug: upn: calculating "myfontscale"
FP debug: upn: result      "1.50"
FP debug: upn: calculating "fontSizeX"
FP debug: upn: result      "29.86"
FP debug: upn: calculating "29.86 mul 1.50"
( FP-MUL )
FP debug: upn: result      "44.790000000000000000"
FP debug: upn: calculating "2"
FP debug: upn: result      "2"
FP debug: upn: calculating "round(44.790000000000000000:2)"
( FP-ROUND )
FP debug: upn: result      "44.79"
FP debug: upn: +++ result of upn-expression is "(44.79)"
) ( FP-UPN
FP debug: upn: +++ computing upn-expression "myfontscale fontSizeY * 2 round"
FP debug: upn: calculating "myfontscale"
FP debug: upn: result      "1.50"
FP debug: upn: calculating "fontSizeY"
FP debug: upn: result      "37"
FP debug: upn: calculating "37 mul 1.50"
( FP-MUL )
FP debug: upn: result      "55.500000000000000000"
FP debug: upn: calculating "2"
FP debug: upn: result      "2"
FP debug: upn: calculating "round(55.500000000000000000:2)"
( FP-ROUND )
FP debug: upn: result      "55.50"
FP debug: upn: +++ result of upn-expression is "(55.50)"
) ( FP-UPN
FP debug: upn: +++ computing upn-expression "myfontscale fontSizeX * 2 round"
FP debug: upn: calculating "myfontscale"
FP debug: upn: result      "1.50"
FP debug: upn: calculating "fontSizeX"
FP debug: upn: result      "35.83"
FP debug: upn: calculating "35.83 mul 1.50"
( FP-MUL )
FP debug: upn: result      "53.745000000000000000"
FP debug: upn: calculating "2"
FP debug: upn: result      "2"
FP debug: upn: calculating "round(53.745000000000000000:2)"
( FP-ROUND )
FP debug: upn: result      "53.75"
FP debug: upn: +++ result of upn-expression is "(53.75)"
) ( FP-UPN
FP debug: upn: +++ computing upn-expression "myfontscale fontSizeY * 2 round"
FP debug: upn: calculating "myfontscale"
FP debug: upn: result      "1.50"
FP debug: upn: calculating "fontSizeY"
FP debug: upn: result      "45"
FP debug: upn: calculating "45 mul 1.50"
( FP-MUL )
FP debug: upn: result      "67.500000000000000000"
FP debug: upn: calculating "2"
FP debug: upn: result      "2"
FP debug: upn: calculating "round(67.500000000000000000:2)"
( FP-ROUND )
FP debug: upn: result      "67.50"
FP debug: upn: +++ result of upn-expression is "(67.50)"
) ( FP-UPN
FP debug: upn: +++ computing upn-expression "myfontscale fontSizeX * 2 round"
FP debug: upn: calculating "myfontscale"
FP debug: upn: result      "1.50"
FP debug: upn: calculating "fontSizeX"
FP debug: upn: result      "43"
FP debug: upn: calculating "43 mul 1.50"
( FP-MUL )
FP debug: upn: result      "64.500000000000000000"
FP debug: upn: calculating "2"
FP debug: upn: result      "2"
FP debug: upn: calculating "round(64.500000000000000000:2)"
( FP-ROUND )
FP debug: upn: result      "64.50"
FP debug: upn: +++ result of upn-expression is "(64.50)"
) ( FP-UPN
FP debug: upn: +++ computing upn-expression "myfontscale fontSizeY * 2 round"
FP debug: upn: calculating "myfontscale"
FP debug: upn: result      "1.50"
FP debug: upn: calculating "fontSizeY"
FP debug: upn: result      "54"
FP debug: upn: calculating "54 mul 1.50"
( FP-MUL )
FP debug: upn: result      "81.000000000000000000"
FP debug: upn: calculating "2"
FP debug: upn: result      "2"
FP debug: upn: calculating "round(81.000000000000000000:2)"
( FP-ROUND )
FP debug: upn: result      "81.00"
FP debug: upn: +++ result of upn-expression is "(81.00)"
) ( FP-UPN
FP debug: upn: +++ computing upn-expression "myfontscale fontSizeX * 2 round"
FP debug: upn: calculating "myfontscale"
FP debug: upn: result      "1.50"
FP debug: upn: calculating "fontSizeX"
FP debug: upn: result      "51.6"
FP debug: upn: calculating "51.6 mul 1.50"
( FP-MUL )
FP debug: upn: result      "77.400000000000000000"
FP debug: upn: calculating "2"
FP debug: upn: result      "2"
FP debug: upn: calculating "round(77.400000000000000000:2)"
( FP-ROUND )
FP debug: upn: result      "77.40"
FP debug: upn: +++ result of upn-expression is "(77.40)"
) ( FP-UPN
FP debug: upn: +++ computing upn-expression "myfontscale fontSizeY * 2 round"
FP debug: upn: calculating "myfontscale"
FP debug: upn: result      "1.50"
FP debug: upn: calculating "fontSizeY"
FP debug: upn: result      "64"
FP debug: upn: calculating "64 mul 1.50"
( FP-MUL )
FP debug: upn: result      "96.000000000000000000"
FP debug: upn: calculating "2"
FP debug: upn: result      "2"
FP debug: upn: calculating "round(96.000000000000000000:2)"
( FP-ROUND )
FP debug: upn: result      "96.00"
FP debug: upn: +++ result of upn-expression is "(96.00)"
) ( FP-UPN
FP debug: upn: +++ computing upn-expression "myfontscale fontSizeX * 2 round"
FP debug: upn: calculating "myfontscale"
FP debug: upn: result      "1.50"
FP debug: upn: calculating "fontSizeX"
FP debug: upn: result      "61.92"
FP debug: upn: calculating "61.92 mul 1.50"
( FP-MUL )
FP debug: upn: result      "92.880000000000000000"
FP debug: upn: calculating "2"
FP debug: upn: result      "2"
FP debug: upn: calculating "round(92.880000000000000000:2)"
( FP-ROUND )
FP debug: upn: result      "92.88"
FP debug: upn: +++ result of upn-expression is "(92.88)"
) ( FP-UPN
FP debug: upn: +++ computing upn-expression "myfontscale fontSizeY * 2 round"
FP debug: upn: calculating "myfontscale"
FP debug: upn: result      "1.50"
FP debug: upn: calculating "fontSizeY"
FP debug: upn: result      "77"
FP debug: upn: calculating "77 mul 1.50"
( FP-MUL )
FP debug: upn: result      "115.500000000000000000"
FP debug: upn: calculating "2"
FP debug: upn: result      "2"
FP debug: upn: calculating "round(115.500000000000000000:2)"
( FP-ROUND )
FP debug: upn: result      "115.50"
FP debug: upn: +++ result of upn-expression is "(115.50)"
) ( FP-UPN
FP debug: upn: +++ computing upn-expression "myfontscale fontSizeX * 2 round"
FP debug: upn: calculating "myfontscale"
FP debug: upn: result      "1.50"
FP debug: upn: calculating "fontSizeX"
FP debug: upn: result      "74.3"
FP debug: upn: calculating "74.3 mul 1.50"
( FP-MUL )
FP debug: upn: result      "111.450000000000000000"
FP debug: upn: calculating "2"
FP debug: upn: result      "2"
FP debug: upn: calculating "round(111.450000000000000000:2)"
( FP-ROUND )
FP debug: upn: result      "111.45"
FP debug: upn: +++ result of upn-expression is "(111.45)"
) ( FP-UPN
FP debug: upn: +++ computing upn-expression "myfontscale fontSizeY * 2 round"
FP debug: upn: calculating "myfontscale"
FP debug: upn: result      "1.50"
FP debug: upn: calculating "fontSizeY"
FP debug: upn: result      "93"
FP debug: upn: calculating "93 mul 1.50"
( FP-MUL )
FP debug: upn: result      "139.500000000000000000"
FP debug: upn: calculating "2"
FP debug: upn: result      "2"
FP debug: upn: calculating "round(139.500000000000000000:2)"
( FP-ROUND )
FP debug: upn: result      "139.50"
FP debug: upn: +++ result of upn-expression is "(139.50)"
) ( FP-UPN
FP debug: upn: +++ computing upn-expression "myfontscale fontSizeX * 2 round"
FP debug: upn: calculating "myfontscale"
FP debug: upn: result      "1.50"
FP debug: upn: calculating "fontSizeX"
FP debug: upn: result      "89.16"
FP debug: upn: calculating "89.16 mul 1.50"
( FP-MUL )
FP debug: upn: result      "133.740000000000000000"
FP debug: upn: calculating "2"
FP debug: upn: result      "2"
FP debug: upn: calculating "round(133.740000000000000000:2)"
( FP-ROUND )
FP debug: upn: result      "133.74"
FP debug: upn: +++ result of upn-expression is "(133.74)"
) ( FP-UPN
FP debug: upn: +++ computing upn-expression "myfontscale fontSizeY * 2 round"
FP debug: upn: calculating "myfontscale"
FP debug: upn: result      "1.50"
FP debug: upn: calculating "fontSizeY"
FP debug: upn: result      "112"
FP debug: upn: calculating "112 mul 1.50"
( FP-MUL )
FP debug: upn: result      "168.000000000000000000"
FP debug: upn: calculating "2"
FP debug: upn: result      "2"
FP debug: upn: calculating "round(168.000000000000000000:2)"
( FP-ROUND )
FP debug: upn: result      "168.00"
FP debug: upn: +++ result of upn-expression is "(168.00)"
) ( FP-UPN
FP debug: upn: +++ computing upn-expression "myfontscale fontSizeX * 2 round"
FP debug: upn: calculating "myfontscale"
FP debug: upn: result      "1.50"
FP debug: upn: calculating "fontSizeX"
FP debug: upn: result      "107"
FP debug: upn: calculating "107 mul 1.50"
( FP-MUL )
FP debug: upn: result      "160.500000000000000000"
FP debug: upn: calculating "2"
FP debug: upn: result      "2"
FP debug: upn: calculating "round(160.500000000000000000:2)"
( FP-ROUND )
FP debug: upn: result      "160.50"
FP debug: upn: +++ result of upn-expression is "(160.50)"
) ( FP-UPN
FP debug: upn: +++ computing upn-expression "myfontscale fontSizeY * 2 round"
FP debug: upn: calculating "myfontscale"
FP debug: upn: result      "1.50"
FP debug: upn: calculating "fontSizeY"
FP debug: upn: result      "134"
FP debug: upn: calculating "134 mul 1.50"
( FP-MUL )
FP debug: upn: result      "201.000000000000000000"
FP debug: upn: calculating "2"
FP debug: upn: result      "2"
FP debug: upn: calculating "round(201.000000000000000000:2)"
( FP-ROUND )
FP debug: upn: result      "201.00"
FP debug: upn: +++ result of upn-expression is "(201.00)"
) ( FP-UPN
FP debug: upn: +++ computing upn-expression "labelWidthValue myfontscale * 2 ro
und"
FP debug: upn: calculating "labelWidthValue"
FP debug: upn: result      "1"
FP debug: upn: calculating "myfontscale"
FP debug: upn: result      "1.50"
FP debug: upn: calculating "1.50 mul 1"
( FP-MUL )
FP debug: upn: result      "1.500000000000000000"
FP debug: upn: calculating "2"
FP debug: upn: result      "2"
FP debug: upn: calculating "round(1.500000000000000000:2)"
( FP-ROUND )
FP debug: upn: result      "1.50"
FP debug: upn: +++ result of upn-expression is "(1.50)"
) ( FP-UPN
FP debug: upn: +++ computing upn-expression "labelSepValue myfontscale * 2 roun
d"
FP debug: upn: calculating "labelSepValue"
FP debug: upn: result      "1"
FP debug: upn: calculating "myfontscale"
FP debug: upn: result      "1.50"
FP debug: upn: calculating "1.50 mul 1"
( FP-MUL )
FP debug: upn: result      "1.500000000000000000"
FP debug: upn: calculating "2"
FP debug: upn: result      "2"
FP debug: upn: calculating "round(1.500000000000000000:2)"
( FP-ROUND )
FP debug: upn: result      "1.50"
FP debug: upn: +++ result of upn-expression is "(1.50)"
) ( FP-UPN
FP debug: upn: +++ computing upn-expression "indentionLevelValuei myfontscale *
 2 round"
FP debug: upn: calculating "indentionLevelValuei"
FP debug: upn: result      "4"
FP debug: upn: calculating "myfontscale"
FP debug: upn: result      "1.50"
FP debug: upn: calculating "1.50 mul 4"
( FP-MUL )
FP debug: upn: result      "6.000000000000000000"
FP debug: upn: calculating "2"
FP debug: upn: result      "2"
FP debug: upn: calculating "round(6.000000000000000000:2)"
( FP-ROUND )
FP debug: upn: result      "6.00"
FP debug: upn: +++ result of upn-expression is "(6.00)"
) ( FP-UPN
FP debug: upn: +++ computing upn-expression "indentionLevelValueii myfontscale 
* 2 round"
FP debug: upn: calculating "indentionLevelValueii"
FP debug: upn: result      "2.2"
FP debug: upn: calculating "myfontscale"
FP debug: upn: result      "1.50"
FP debug: upn: calculating "1.50 mul 2.2"
( FP-MUL )
FP debug: upn: result      "3.300000000000000000"
FP debug: upn: calculating "2"
FP debug: upn: result      "2"
FP debug: upn: calculating "round(3.300000000000000000:2)"
( FP-ROUND )
FP debug: upn: result      "3.30"
FP debug: upn: +++ result of upn-expression is "(3.30)"
) ( FP-UPN
FP debug: upn: +++ computing upn-expression "indentionLevelValueiii myfontscale
 * 2 round"
FP debug: upn: calculating "indentionLevelValueiii"
FP debug: upn: result      "1.87"
FP debug: upn: calculating "myfontscale"
FP debug: upn: result      "1.50"
FP debug: upn: calculating "1.50 mul 1.87"
( FP-MUL )
FP debug: upn: result      "2.805000000000000000"
FP debug: upn: calculating "2"
FP debug: upn: result      "2"
FP debug: upn: calculating "round(2.805000000000000000:2)"
( FP-ROUND )
FP debug: upn: result      "2.81"
FP debug: upn: +++ result of upn-expression is "(2.81)"
) ( FP-UPN
FP debug: upn: +++ computing upn-expression "bibIconScaleValue myfontscale * 2 
round"
FP debug: upn: calculating "bibIconScaleValue"
FP debug: upn: result      "2"
FP debug: upn: calculating "myfontscale"
FP debug: upn: result      "1.50"
FP debug: upn: calculating "1.50 mul 2"
( FP-MUL )
FP debug: upn: result      "3.000000000000000000"
FP debug: upn: calculating "2"
FP debug: upn: result      "2"
FP debug: upn: calculating "round(3.000000000000000000:2)"
( FP-ROUND )
FP debug: upn: result      "3.00"
FP debug: upn: +++ result of upn-expression is "(3.00)"
))
("C:\Users\Noah PC\AppData\Local\Programs\MiKTeX 2.9\tex\latex\tools\xspace.sty
"
Package: xspace 2014/10/28 v1.13 Space after command names (DPC,MH)
)
("C:\Users\Noah PC\AppData\Local\Programs\MiKTeX 2.9\tex\latex\jknappen\mathrsf
s.sty"
Package: mathrsfs 1996/01/01 Math RSFS package v1.0 (jk)
\symrsfs=\mathgroup7
)
\c@prob=\count268
\c@remark=\count269
\c@program=\count270
\c@guess=\count271
 (NoahSummer2018PosterPresentation.aux)
\openout1 = `NoahSummer2018PosterPresentation.aux'.

LaTeX Font Info:    Checking defaults for OML/cmm/m/it on input line 71.
LaTeX Font Info:    ... okay on input line 71.
LaTeX Font Info:    Checking defaults for T1/cmr/m/n on input line 71.
LaTeX Font Info:    ... okay on input line 71.
LaTeX Font Info:    Checking defaults for OT1/cmr/m/n on input line 71.
LaTeX Font Info:    ... okay on input line 71.
LaTeX Font Info:    Checking defaults for OMS/cmsy/m/n on input line 71.
LaTeX Font Info:    ... okay on input line 71.
LaTeX Font Info:    Checking defaults for OMX/cmex/m/n on input line 71.
LaTeX Font Info:    ... okay on input line 71.
LaTeX Font Info:    Checking defaults for U/cmr/m/n on input line 71.
LaTeX Font Info:    ... okay on input line 71.
LaTeX Font Info:    Checking defaults for PD1/pdf/m/n on input line 71.
LaTeX Font Info:    ... okay on input line 71.
LaTeX Font Info:    Checking defaults for TS1/cmr/m/n on input line 71.
LaTeX Font Info:    Try loading font information for TS1+cmr on input line 71.

("C:\Users\Noah PC\AppData\Local\Programs\MiKTeX 2.9\tex\latex\base\ts1cmr.fd"
File: ts1cmr.fd 2014/09/29 v2.5h Standard LaTeX font definitions
)
LaTeX Font Info:    ... okay on input line 71.
LaTeX Font Info:    Try loading font information for OT1+phv on input line 71.
("C:\Users\Noah PC\AppData\Local\Programs\MiKTeX 2.9\tex\latex\psnfss\ot1phv.fd
"
File: ot1phv.fd 2001/06/04 scalable font definitions for OT1/phv.
)
*geometry* driver: auto-detecting
*geometry* detected driver: pdftex
*geometry* verbose mode - [ preamble ] result:
* driver: pdftex
* paper: custom
* layout: <same size as paper>
* layoutoffset:(h,v)=(0.0pt,0.0pt)
* modes: includehead includefoot 
* h-part:(L,W,R)=(28.45274pt, 3326.12701pt, 28.45274pt)
* v-part:(T,H,B)=(0.0pt, 2392.87694pt, 0.0pt)
* \paperwidth=3383.0325pt
* \paperheight=2392.87694pt
* \textwidth=3326.12701pt
* \textheight=2364.42421pt
* \oddsidemargin=-43.81725pt
* \evensidemargin=-43.81725pt
* \topmargin=-72.26999pt
* \headheight=14.22636pt
* \headsep=0.0pt
* \topskip=11.0pt
* \footskip=14.22636pt
* \marginparwidth=4.0pt
* \marginparsep=10.0pt
* \columnsep=10.0pt
* \skip\footins=10.0pt plus 4.0pt minus 2.0pt
* \hoffset=0.0pt
* \voffset=0.0pt
* \mag=1000
* \@twocolumnfalse
* \@twosidefalse
* \@mparswitchfalse
* \@reversemarginfalse
* (1in=72.27pt=25.4mm, 1cm=28.453pt)


("C:\Users\Noah PC\AppData\Local\Programs\MiKTeX 2.9\tex\context\base\supp-pdf.
mkii"
[Loading MPS to PDF converter (version 2006.09.02).]
\scratchcounter=\count272
\scratchdimen=\dimen196
\scratchbox=\box56
\nofMPsegments=\count273
\nofMParguments=\count274
\everyMPshowfont=\toks51
\MPscratchCnt=\count275
\MPscratchDim=\dimen197
\MPnumerator=\count276
\makeMPintoPDFobject=\count277
\everyMPtoPDFconversion=\toks52
)
("C:\Users\Noah PC\AppData\Local\Programs\MiKTeX 2.9\tex\latex\oberdiek\epstopd
f-base.sty"
Package: epstopdf-base 2016/05/15 v2.6 Base part for package epstopdf

("C:\Users\Noah PC\AppData\Local\Programs\MiKTeX 2.9\tex\latex\oberdiek\grfext.
sty"
Package: grfext 2016/05/16 v1.2 Manage graphics extensions (HO)
)
Package epstopdf-base Info: Redefining graphics rule for `.eps' on input line 4
38.
Package grfext Info: Graphics extension search list:
(grfext)             [.pdf,.png,.jpg,.mps,.jpeg,.jbig2,.jb2,.PDF,.PNG,.JPG,.JPE
G,.JBIG2,.JB2,.eps]
(grfext)             \AppendGraphicsExtensions on input line 456.
) ABD: EveryShipout initializing macros
\AtBeginShipoutBox=\box57
Package hyperref Info: Link coloring OFF on input line 71.

("C:\Users\Noah PC\AppData\Local\Programs\MiKTeX 2.9\tex\latex\hyperref\nameref
.sty"
Package: nameref 2016/05/21 v2.44 Cross-referencing by name of section

("C:\Users\Noah PC\AppData\Local\Programs\MiKTeX 2.9\tex\generic\oberdiek\getti
tlestring.sty"
Package: gettitlestring 2016/05/16 v1.5 Cleanup title references (HO)
)
\c@section@level=\count278
)
LaTeX Info: Redefining \ref on input line 71.
LaTeX Info: Redefining \pageref on input line 71.
LaTeX Info: Redefining \nameref on input line 71.
 (NoahSummer2018PosterPresentation.out)
(NoahSummer2018PosterPresentation.out)
\@outlinefile=\write5
\openout5 = `NoahSummer2018PosterPresentation.out'.

\symnumbers=\mathgroup8
\sympureletters=\mathgroup9
LaTeX Font Info:    Overwriting math alphabet `\mathrm' in version `normal'
(Font)                  OT1/cmr/m/n --> OT1/ptm/m/n on input line 71.
LaTeX Font Info:    Redeclaring math alphabet \mathbf on input line 71.
LaTeX Font Info:    Overwriting math alphabet `\mathbf' in version `normal'
(Font)                  OT1/cmr/bx/n --> OT1/ptm/bx/n on input line 71.
LaTeX Font Info:    Overwriting math alphabet `\mathbf' in version `bold'
(Font)                  OT1/cmr/bx/n --> OT1/ptm/bx/n on input line 71.
LaTeX Font Info:    Redeclaring math alphabet \mathsf on input line 71.
LaTeX Font Info:    Overwriting math alphabet `\mathsf' in version `normal'
(Font)                  OT1/cmss/m/n --> OT1/phv/m/n on input line 71.
LaTeX Font Info:    Overwriting math alphabet `\mathsf' in version `bold'
(Font)                  OT1/cmss/bx/n --> OT1/phv/m/n on input line 71.
LaTeX Font Info:    Redeclaring math alphabet \mathit on input line 71.
LaTeX Font Info:    Overwriting math alphabet `\mathit' in version `normal'
(Font)                  OT1/cmr/m/it --> OT1/ptm/m/it on input line 71.
LaTeX Font Info:    Overwriting math alphabet `\mathit' in version `bold'
(Font)                  OT1/cmr/bx/it --> OT1/ptm/m/it on input line 71.
LaTeX Font Info:    Redeclaring math alphabet \mathtt on input line 71.
LaTeX Font Info:    Overwriting math alphabet `\mathtt' in version `normal'
(Font)                  OT1/cmtt/m/n --> OT1/pcr/m/n on input line 71.
LaTeX Font Info:    Overwriting math alphabet `\mathtt' in version `bold'
(Font)                  OT1/cmtt/m/n --> OT1/pcr/m/n on input line 71.
LaTeX Font Info:    Overwriting symbol font `numbers' in version `bold'
(Font)                  OT1/ptm/m/n --> OT1/ptm/bx/n on input line 71.
LaTeX Font Info:    Overwriting symbol font `pureletters' in version `bold'
(Font)                  OT1/ptm/m/it --> OT1/ptm/bx/it on input line 71.
LaTeX Font Info:    Overwriting math alphabet `\mathrm' in version `bold'
(Font)                  OT1/cmr/bx/n --> OT1/ptm/bx/n on input line 71.
LaTeX Font Info:    Overwriting math alphabet `\mathbf' in version `bold'
(Font)                  OT1/ptm/bx/n --> OT1/ptm/bx/n on input line 71.
LaTeX Font Info:    Overwriting math alphabet `\mathsf' in version `bold'
(Font)                  OT1/phv/m/n --> OT1/phv/bx/n on input line 71.
LaTeX Font Info:    Overwriting math alphabet `\mathit' in version `bold'
(Font)                  OT1/ptm/m/it --> OT1/ptm/bx/it on input line 71.
LaTeX Font Info:    Overwriting math alphabet `\mathtt' in version `bold'
(Font)                  OT1/pcr/m/n --> OT1/pcr/bx/n on input line 71.

("C:\Users\Noah PC\AppData\Local\Programs\MiKTeX 2.9\tex\latex\translator\trans
lator-basic-dictionary-English.dict"
Dictionary: translator-basic-dictionary, Language: English 
)
("C:\Users\Noah PC\AppData\Local\Programs\MiKTeX 2.9\tex\latex\translator\trans
lator-bibliography-dictionary-English.dict"
Dictionary: translator-bibliography-dictionary, Language: English 
)
("C:\Users\Noah PC\AppData\Local\Programs\MiKTeX 2.9\tex\latex\translator\trans
lator-environment-dictionary-English.dict"
Dictionary: translator-environment-dictionary, Language: English 
)
("C:\Users\Noah PC\AppData\Local\Programs\MiKTeX 2.9\tex\latex\translator\trans
lator-months-dictionary-English.dict"
Dictionary: translator-months-dictionary, Language: English 
)
("C:\Users\Noah PC\AppData\Local\Programs\MiKTeX 2.9\tex\latex\translator\trans
lator-numbers-dictionary-English.dict"
Dictionary: translator-numbers-dictionary, Language: English 
)
("C:\Users\Noah PC\AppData\Local\Programs\MiKTeX 2.9\tex\latex\translator\trans
lator-theorem-dictionary-English.dict"
Dictionary: translator-theorem-dictionary, Language: English 
)
\c@lstlisting=\count279

("C:\Users\Noah PC\AppData\Local\Programs\MiKTeX 2.9\tex\latex\fmtcount\fc-engl
ish.def"
File: fc-english.def 2016/01/12
) (NoahSummer2018PosterPresentation.nav)
<MengerIITRedGray.pdf, id=14, 401.5pt x 401.5pt>
File: MengerIITRedGray.pdf Graphic file (type pdf)
<use MengerIITRedGray.pdf>
Package pdftex.def Info: MengerIITRedGray.pdf  used on input line 71.
(pdftex.def)             Requested size: 321.20042pt x 321.20042pt.
LaTeX Font Info:    Calculating math sizes for size <18> on input line 71.
LaTeX Font Info:    Try loading font information for U+rsfs on input line 71.

("C:\Users\Noah PC\AppData\Local\Programs\MiKTeX 2.9\tex\latex\jknappen\ursfs.f
d"
File: ursfs.fd 1998/03/24 rsfs font definition file (jk)
)

LaTeX Font Warning: Font shape `U/rsfs/m/n' in size <18> not available
(Font)              size <17.28> substituted on input line 71.


LaTeX Font Warning: Font shape `U/rsfs/m/n' in size <12.59995> not available
(Font)              size <12> substituted on input line 71.

LaTeX Font Info:    Try loading font information for OT1+ptm on input line 71.
("C:\Users\Noah PC\AppData\Local\Programs\MiKTeX 2.9\tex\latex\psnfss\ot1ptm.fd
"
File: ot1ptm.fd 2001/06/04 font definitions for OT1/ptm.
)
LaTeX Font Info:    Font shape `OT1/phv/bx/n' in size <18> not available
(Font)              Font shape `OT1/phv/b/n' tried instead on input line 71.
LaTeX Font Info:    Font shape `OT1/phv/bx/n' in size <64.5> not available
(Font)              Font shape `OT1/phv/b/n' tried instead on input line 71.

Overfull \hbox (11.96329pt too wide) detected at line 71
[][][] $[]$[][][][][][][][] $[]$[][][][][][][][] $[]$[][][][][][] 
 []


Overfull \hbox (10.00763pt too wide) in paragraph at lines 71--71
[][][][]  
 []

\openout4 = `NoahSummer2018PosterPresentation.vrb'.

(NoahSummer2018PosterPresentation.vrb
LaTeX Font Info:    Font shape `OT1/phv/bx/n' in size <53.75> not available
(Font)              Font shape `OT1/phv/b/n' tried instead on input line 8.
LaTeX Font Info:    Calculating math sizes for size <37.32> on input line 12.


LaTeX Font Warning: Font shape `U/rsfs/m/n' in size <37.32> not available
(Font)              size <24.88> substituted on input line 12.


LaTeX Font Warning: Font shape `U/rsfs/m/n' in size <26.12389> not available
(Font)              size <24.88> substituted on input line 12.


LaTeX Font Warning: Font shape `U/rsfs/m/n' in size <18.66> not available
(Font)              size <17.28> substituted on input line 12.

Package epstopdf Info: Source file: <SobolPoints.eps>
(epstopdf)                    date: 2018-08-03 11:07:48
(epstopdf)                    size: 38420 bytes
(epstopdf)             Output file: <SobolPoints-eps-converted-to.pdf>
(epstopdf)                    date: 2018-08-03 11:10:00
(epstopdf)                    size: 23387 bytes
(epstopdf)             Command: <epstopdf --outfile=SobolPoints-eps-converted-t
o.pdf SobolPoints.eps>
(epstopdf)             \includegraphics on input line 47.
Package epstopdf Info: Output file is already uptodate.
<SobolPoints-eps-converted-to.pdf, id=25, 421.575pt x 316.18124pt>
File: SobolPoints-eps-converted-to.pdf Graphic file (type pdf)
<use SobolPoints-eps-converted-to.pdf>
Package pdftex.def Info: SobolPoints-eps-converted-to.pdf  used on input line 4
7.
(pdftex.def)             Requested size: 721.76071pt x 541.33167pt.
LaTeX Font Info:    Try loading font information for OT1+pcr on input line 120.

("C:\Users\Noah PC\AppData\Local\Programs\MiKTeX 2.9\tex\latex\psnfss\ot1pcr.fd
"
File: ot1pcr.fd 2001/06/04 font definitions for OT1/pcr.
)
LaTeX Font Info:    Try loading font information for TS1+phv on input line 137.


("C:\Users\Noah PC\AppData\Local\Programs\MiKTeX 2.9\tex\latex\psnfss\ts1phv.fd
"
File: ts1phv.fd 2001/06/04 scalable font definitions for TS1/phv.
)
Package epstopdf Info: Source file: <UniformRandom.eps>
(epstopdf)                    date: 2018-08-05 12:16:59
(epstopdf)                    size: 24053 bytes
(epstopdf)             Output file: <UniformRandom-eps-converted-to.pdf>
(epstopdf)                    date: 2018-08-05 12:31:00
(epstopdf)                    size: 12899 bytes
(epstopdf)             Command: <epstopdf --outfile=UniformRandom-eps-converted
-to.pdf UniformRandom.eps>
(epstopdf)             \includegraphics on input line 160.
Package epstopdf Info: Output file is already uptodate.
<UniformRandom-eps-converted-to.pdf, id=26, 421.575pt x 316.18124pt>
File: UniformRandom-eps-converted-to.pdf Graphic file (type pdf)
<use UniformRandom-eps-converted-to.pdf>
Package pdftex.def Info: UniformRandom-eps-converted-to.pdf  used on input line
 160.
(pdftex.def)             Requested size: 721.76071pt x 541.33167pt.
Package epstopdf Info: Source file: <NormalRandom.eps>
(epstopdf)                    date: 2018-08-05 12:27:20
(epstopdf)                    size: 24050 bytes
(epstopdf)             Output file: <NormalRandom-eps-converted-to.pdf>
(epstopdf)                    date: 2018-08-05 12:31:02
(epstopdf)                    size: 12915 bytes
(epstopdf)             Command: <epstopdf --outfile=NormalRandom-eps-converted-
to.pdf NormalRandom.eps>
(epstopdf)             \includegraphics on input line 202.
Package epstopdf Info: Output file is already uptodate.
<NormalRandom-eps-converted-to.pdf, id=27, 421.575pt x 316.18124pt>
File: NormalRandom-eps-converted-to.pdf Graphic file (type pdf)
<use NormalRandom-eps-converted-to.pdf>
Package pdftex.def Info: NormalRandom-eps-converted-to.pdf  used on input line 
202.
(pdftex.def)             Requested size: 721.76071pt x 541.33167pt.
LaTeX Font Info:    Font shape `OT1/phv/m/it' in size <37.32> not available
(Font)              Font shape `OT1/phv/m/sl' tried instead on input line 231.
)
Overfull \vbox (13.5152pt too high) detected at line 323
 []

File: MengerIITRedGray.pdf Graphic file (type pdf)
<use MengerIITRedGray.pdf>
Package pdftex.def Info: MengerIITRedGray.pdf  used on input line 323.
(pdftex.def)             Requested size: 321.20042pt x 321.20042pt.

Overfull \hbox (11.96329pt too wide) has occurred while \output is active
[][][] $[]$[][][][][][][][] $[]$[][][][][][][][] $[]$[][][][][][] 
 []


Overfull \hbox (10.00763pt too wide) has occurred while \output is active
[][][][] 
 []

[1{C:/Users/Noah PC/AppData/Local/MiKTeX/2.9/pdftex/config/pdftex.map}

 <./MengerIITRedGray.pdf> <./SobolPoints-eps-converted-to.pdf> <./UniformRandom
-eps-converted-to.pdf> <./NormalRandom-eps-converted-to.pdf>]
\tf@nav=\write6
\openout6 = `NoahSummer2018PosterPresentation.nav'.

\tf@toc=\write7
\openout7 = `NoahSummer2018PosterPresentation.toc'.

\tf@snm=\write8
\openout8 = `NoahSummer2018PosterPresentation.snm'.

Package atveryend Info: Empty hook `BeforeClearDocument' on input line 324.
Package atveryend Info: Empty hook `AfterLastShipout' on input line 324.

(NoahSummer2018PosterPresentation.aux)
Package atveryend Info: Executing hook `AtVeryEndDocument' on input line 324.
Package atveryend Info: Executing hook `AtEndAfterFileList' on input line 324.
Package rerunfilecheck Info: File `NoahSummer2018PosterPresentation.out' has no
t changed.
(rerunfilecheck)             Checksum: D41D8CD98F00B204E9800998ECF8427E;0.


LaTeX Font Warning: Size substitutions with differences
(Font)              up to 12.44pt have occurred.

 ) 
Here is how much of TeX's memory you used:
 21659 strings out of 493305
 397698 string characters out of 3128931
 577135 words of memory out of 3000000
 24633 multiletter control sequences out of 15000+200000
 47597 words of font info for 108 fonts, out of 3000000 for 9000
 1141 hyphenation exceptions out of 8191
 48i,23n,71p,1038b,2023s stack positions out of 5000i,500n,10000p,200000b,50000s
{C:/Users/Noah PC/AppData/Local/Programs/MiKTeX 2.9/fonts/enc/dvips/base/8r.e
nc}<C:/Users/Noah PC/AppData/Local/Programs/MiKTeX 2.9/fonts/type1/public/amsfo
nts/cm/cmex10.pfb><C:/Users/Noah PC/AppData/Local/Programs/MiKTeX 2.9/fonts/typ
e1/public/amsfonts/cm/cmmi12.pfb><C:/Users/Noah PC/AppData/Local/Programs/MiKTe
X 2.9/fonts/type1/public/amsfonts/cm/cmr17.pfb><C:/Users/Noah PC/AppData/Local/
Programs/MiKTeX 2.9/fonts/type1/public/amsfonts/cm/cmsy10.pfb><C:/Users/Noah PC
/AppData/Local/Programs/MiKTeX 2.9/fonts/type1/public/amsfonts/symbols/msbm10.p
fb><C:/Users/Noah PC/AppData/Local/Programs/MiKTeX 2.9/fonts/type1/urw/courier/
ucrr8a.pfb><C:/Users/Noah PC/AppData/Local/Programs/MiKTeX 2.9/fonts/type1/urw/
helvetic/uhvb8a.pfb><C:/Users/Noah PC/AppData/Local/Programs/MiKTeX 2.9/fonts/t
ype1/urw/helvetic/uhvr8a.pfb><C:/Users/Noah PC/AppData/Local/Programs/MiKTeX 2.
9/fonts/type1/urw/helvetic/uhvro8a.pfb><C:/Users/Noah PC/AppData/Local/Programs
/MiKTeX 2.9/fonts/type1/urw/times/utmr8a.pfb><C:/Users/Noah PC/AppData/Local/Pr
ograms/MiKTeX 2.9/fonts/type1/urw/times/utmri8a.pfb>
Output written on NoahSummer2018PosterPresentation.pdf (1 page, 325626 bytes).
PDF statistics:
 115 PDF objects out of 1000 (max. 8388607)
 3 named destinations out of 1000 (max. 500000)
 99 words of extra memory for PDF output out of 10000 (max. 10000000)

